{"/Users/macpro/Documents/unwind-one/server/app.js": {"path":"/Users/macpro/Documents/unwind-one/server/app.js","statementMap":{"0":{"start":{"line":2,"column":16},"end":{"line":2,"column":34}},"1":{"start":{"line":3,"column":13},"end":{"line":3,"column":28}},"2":{"start":{"line":4,"column":19},"end":{"line":4,"column":41}},"3":{"start":{"line":5,"column":11},"end":{"line":5,"column":24}},"4":{"start":{"line":6,"column":12},"end":{"line":6,"column":21}},"5":{"start":{"line":7,"column":13},"end":{"line":7,"column":37}},"6":{"start":{"line":9,"column":12},"end":{"line":9,"column":38}},"7":{"start":{"line":14,"column":17},"end":{"line":26,"column":1}},"8":{"start":{"line":15,"column":2},"end":{"line":25,"column":5}},"9":{"start":{"line":16,"column":4},"end":{"line":19,"column":5}},"10":{"start":{"line":17,"column":6},"end":{"line":17,"column":56}},"11":{"start":{"line":18,"column":6},"end":{"line":18,"column":13}},"12":{"start":{"line":20,"column":4},"end":{"line":24,"column":5}},"13":{"start":{"line":21,"column":6},"end":{"line":21,"column":41}},"14":{"start":{"line":23,"column":6},"end":{"line":23,"column":64}},"15":{"start":{"line":28,"column":18},"end":{"line":37,"column":1}},"16":{"start":{"line":29,"column":14},"end":{"line":36,"column":3}},"17":{"start":{"line":30,"column":4},"end":{"line":33,"column":5}},"18":{"start":{"line":31,"column":6},"end":{"line":31,"column":25}},"19":{"start":{"line":32,"column":6},"end":{"line":32,"column":13}},"20":{"start":{"line":34,"column":21},"end":{"line":34,"column":51}},"21":{"start":{"line":35,"column":4},"end":{"line":35,"column":51}},"22":{"start":{"line":42,"column":0},"end":{"line":42,"column":11}},"23":{"start":{"line":43,"column":0},"end":{"line":43,"column":16}},"24":{"start":{"line":44,"column":0},"end":{"line":44,"column":24}},"25":{"start":{"line":45,"column":0},"end":{"line":45,"column":27}},"26":{"start":{"line":49,"column":0},"end":{"line":51,"column":3}},"27":{"start":{"line":50,"column":2},"end":{"line":50,"column":67}},"28":{"start":{"line":56,"column":0},"end":{"line":58,"column":3}},"29":{"start":{"line":57,"column":2},"end":{"line":57,"column":33}},"30":{"start":{"line":60,"column":0},"end":{"line":64,"column":3}},"31":{"start":{"line":61,"column":2},"end":{"line":61,"column":23}},"32":{"start":{"line":62,"column":2},"end":{"line":62,"column":13}},"33":{"start":{"line":63,"column":2},"end":{"line":63,"column":30}},"34":{"start":{"line":67,"column":0},"end":{"line":75,"column":3}},"35":{"start":{"line":68,"column":13},"end":{"line":68,"column":36}},"36":{"start":{"line":69,"column":2},"end":{"line":74,"column":3}},"37":{"start":{"line":70,"column":19},"end":{"line":70,"column":36}},"38":{"start":{"line":71,"column":4},"end":{"line":71,"column":28}},"39":{"start":{"line":73,"column":4},"end":{"line":73,"column":47}},"40":{"start":{"line":80,"column":0},"end":{"line":83,"column":3}},"41":{"start":{"line":81,"column":2},"end":{"line":81,"column":13}},"42":{"start":{"line":82,"column":2},"end":{"line":82,"column":18}},"43":{"start":{"line":85,"column":0},"end":{"line":109,"column":3}},"44":{"start":{"line":86,"column":25},"end":{"line":86,"column":45}},"45":{"start":{"line":87,"column":18},"end":{"line":99,"column":3}},"46":{"start":{"line":101,"column":2},"end":{"line":101,"column":40}},"47":{"start":{"line":102,"column":2},"end":{"line":102,"column":38}},"48":{"start":{"line":103,"column":2},"end":{"line":103,"column":44}},"49":{"start":{"line":104,"column":2},"end":{"line":104,"column":36}},"50":{"start":{"line":105,"column":2},"end":{"line":105,"column":46}},"51":{"start":{"line":106,"column":2},"end":{"line":106,"column":22}},"52":{"start":{"line":107,"column":2},"end":{"line":107,"column":19}},"53":{"start":{"line":108,"column":2},"end":{"line":108,"column":13}},"54":{"start":{"line":112,"column":0},"end":{"line":117,"column":3}},"55":{"start":{"line":113,"column":11},"end":{"line":113,"column":23}},"56":{"start":{"line":114,"column":13},"end":{"line":114,"column":27}},"57":{"start":{"line":115,"column":2},"end":{"line":115,"column":32}},"58":{"start":{"line":116,"column":2},"end":{"line":116,"column":19}},"59":{"start":{"line":120,"column":0},"end":{"line":126,"column":3}},"60":{"start":{"line":121,"column":28},"end":{"line":121,"column":48}},"61":{"start":{"line":122,"column":13},"end":{"line":122,"column":33}},"62":{"start":{"line":123,"column":18},"end":{"line":123,"column":43}},"63":{"start":{"line":124,"column":2},"end":{"line":124,"column":35}},"64":{"start":{"line":125,"column":2},"end":{"line":125,"column":19}},"65":{"start":{"line":137,"column":0},"end":{"line":137,"column":21}}},"fnMap":{"0":{"name":"(anonymous_0)","decl":{"start":{"line":14,"column":17},"end":{"line":14,"column":18}},"loc":{"start":{"line":14,"column":23},"end":{"line":26,"column":1}},"line":14},"1":{"name":"(anonymous_1)","decl":{"start":{"line":15,"column":41},"end":{"line":15,"column":42}},"loc":{"start":{"line":15,"column":62},"end":{"line":25,"column":3}},"line":15},"2":{"name":"(anonymous_2)","decl":{"start":{"line":28,"column":18},"end":{"line":28,"column":19}},"loc":{"start":{"line":28,"column":24},"end":{"line":37,"column":1}},"line":28},"3":{"name":"(anonymous_3)","decl":{"start":{"line":29,"column":14},"end":{"line":29,"column":15}},"loc":{"start":{"line":29,"column":25},"end":{"line":36,"column":3}},"line":29},"4":{"name":"(anonymous_4)","decl":{"start":{"line":49,"column":17},"end":{"line":49,"column":18}},"loc":{"start":{"line":49,"column":23},"end":{"line":51,"column":1}},"line":49},"5":{"name":"(anonymous_5)","decl":{"start":{"line":56,"column":13},"end":{"line":56,"column":14}},"loc":{"start":{"line":56,"column":27},"end":{"line":58,"column":1}},"line":56},"6":{"name":"(anonymous_6)","decl":{"start":{"line":60,"column":19},"end":{"line":60,"column":20}},"loc":{"start":{"line":60,"column":33},"end":{"line":64,"column":1}},"line":60},"7":{"name":"(anonymous_7)","decl":{"start":{"line":67,"column":22},"end":{"line":67,"column":23}},"loc":{"start":{"line":67,"column":36},"end":{"line":75,"column":1}},"line":67},"8":{"name":"(anonymous_8)","decl":{"start":{"line":80,"column":18},"end":{"line":80,"column":19}},"loc":{"start":{"line":80,"column":32},"end":{"line":83,"column":1}},"line":80},"9":{"name":"(anonymous_9)","decl":{"start":{"line":85,"column":27},"end":{"line":85,"column":28}},"loc":{"start":{"line":85,"column":41},"end":{"line":109,"column":1}},"line":85},"10":{"name":"(anonymous_10)","decl":{"start":{"line":112,"column":27},"end":{"line":112,"column":28}},"loc":{"start":{"line":112,"column":41},"end":{"line":117,"column":1}},"line":112},"11":{"name":"(anonymous_11)","decl":{"start":{"line":120,"column":30},"end":{"line":120,"column":31}},"loc":{"start":{"line":120,"column":44},"end":{"line":126,"column":1}},"line":120}},"branchMap":{"0":{"loc":{"start":{"line":7,"column":13},"end":{"line":7,"column":37}},"type":"binary-expr","locations":[{"start":{"line":7,"column":13},"end":{"line":7,"column":29}},{"start":{"line":7,"column":33},"end":{"line":7,"column":37}}],"line":7},"1":{"loc":{"start":{"line":16,"column":4},"end":{"line":19,"column":5}},"type":"if","locations":[{"start":{"line":16,"column":4},"end":{"line":19,"column":5}},{"start":{},"end":{}}],"line":16},"2":{"loc":{"start":{"line":30,"column":4},"end":{"line":33,"column":5}},"type":"if","locations":[{"start":{"line":30,"column":4},"end":{"line":33,"column":5}},{"start":{},"end":{}}],"line":30},"3":{"loc":{"start":{"line":69,"column":2},"end":{"line":74,"column":3}},"type":"if","locations":[{"start":{"line":69,"column":2},"end":{"line":74,"column":3}},{"start":{"line":72,"column":9},"end":{"line":74,"column":3}}],"line":69}},"s":{"0":1,"1":1,"2":1,"3":1,"4":1,"5":1,"6":1,"7":1,"8":3,"9":3,"10":0,"11":0,"12":3,"13":3,"14":0,"15":1,"16":0,"17":0,"18":0,"19":0,"20":0,"21":0,"22":1,"23":1,"24":1,"25":1,"26":1,"27":1,"28":1,"29":1,"30":1,"31":1,"32":1,"33":1,"34":1,"35":3,"36":3,"37":1,"38":1,"39":2,"40":1,"41":1,"42":1,"43":1,"44":2,"45":0,"46":0,"47":0,"48":0,"49":0,"50":0,"51":0,"52":0,"53":0,"54":1,"55":0,"56":0,"57":0,"58":0,"59":1,"60":0,"61":0,"62":0,"63":0,"64":0,"65":1},"f":{"0":3,"1":3,"2":0,"3":0,"4":1,"5":1,"6":1,"7":3,"8":1,"9":2,"10":0,"11":0},"b":{"0":[1,1],"1":[0,3],"2":[0,0],"3":[1,2]},"_coverageSchema":"1a1c01bbd47fc00a2c39e90264f33305004495a9","hash":"bb8016b8fa169ed2be02aac5ae3d27d2c56dc09f"}
}
