TN:
SF:app.js
FN:14,(anonymous_0)
FN:15,(anonymous_1)
FN:28,(anonymous_2)
FN:29,(anonymous_3)
FN:49,(anonymous_4)
FN:56,(anonymous_5)
FN:60,(anonymous_6)
FN:67,(anonymous_7)
FN:80,(anonymous_8)
FN:85,(anonymous_9)
FN:112,(anonymous_10)
FN:120,(anonymous_11)
FNF:12
FNH:7
FNDA:3,(anonymous_0)
FNDA:3,(anonymous_1)
FNDA:0,(anonymous_2)
FNDA:0,(anonymous_3)
FNDA:0,(anonymous_4)
FNDA:1,(anonymous_5)
FNDA:1,(anonymous_6)
FNDA:3,(anonymous_7)
FNDA:1,(anonymous_8)
FNDA:2,(anonymous_9)
FNDA:0,(anonymous_10)
FNDA:0,(anonymous_11)
DA:2,1
DA:3,1
DA:4,1
DA:5,1
DA:6,1
DA:7,1
DA:9,1
DA:14,1
DA:15,3
DA:16,3
DA:17,0
DA:18,0
DA:20,3
DA:21,3
DA:23,0
DA:28,1
DA:29,0
DA:30,0
DA:31,0
DA:32,0
DA:34,0
DA:35,0
DA:42,1
DA:43,1
DA:44,1
DA:45,1
DA:49,1
DA:50,0
DA:56,1
DA:57,1
DA:60,1
DA:61,1
DA:62,1
DA:63,1
DA:67,1
DA:68,3
DA:69,3
DA:70,1
DA:71,1
DA:73,2
DA:80,1
DA:81,1
DA:82,1
DA:85,1
DA:86,2
DA:87,0
DA:101,0
DA:102,0
DA:103,0
DA:104,0
DA:105,0
DA:106,0
DA:107,0
DA:108,0
DA:112,1
DA:113,0
DA:114,0
DA:115,0
DA:116,0
DA:120,1
DA:121,0
DA:122,0
DA:123,0
DA:124,0
DA:125,0
DA:137,1
LF:66
LH:38
BRDA:7,0,0,1
BRDA:7,0,1,1
BRDA:16,1,0,0
BRDA:16,1,1,3
BRDA:30,2,0,0
BRDA:30,2,1,0
BRDA:69,3,0,1
BRDA:69,3,1,2
BRF:8
BRH:5
end_of_record
